\BOOKMARK [0][-]{chapter*.2}{\376\377\000P\000r\000e\000f\000a\000c\000e}{}% 1
\BOOKMARK [0][-]{chapter.1}{\376\377\000S\000y\000s\000t\000e\000m\000\040\000I\000n\000t\000e\000n\000t\000\040\000a\000n\000d\000\040\000D\000e\000v\000e\000l\000o\000p\000m\000e\000n\000t\000\040\000P\000h\000i\000l\000o\000s\000o\000p\000h\000y}{}% 2
\BOOKMARK [1][-]{section.1.1}{\376\377\000W\000h\000a\000t\000\040\000R\000U\000D\000R\000A\000v\0004\000\040\000i\000s}{chapter.1}% 3
\BOOKMARK [1][-]{section.1.2}{\376\377\000T\000h\000e\000\040\000p\000r\000e\000s\000e\000r\000v\000e\000d\000\040\000d\000e\000s\000i\000g\000n\000\040\000i\000d\000e\000a\000s}{chapter.1}% 4
\BOOKMARK [1][-]{section.1.3}{\376\377\000W\000h\000a\000t\000\040\000c\000h\000a\000n\000g\000e\000d\000\040\000f\000r\000o\000m\000\040\000t\000h\000e\000\040\000o\000l\000d\000e\000r\000\040\000a\000r\000t\000i\000c\000l\000e}{chapter.1}% 5
\BOOKMARK [1][-]{section.1.4}{\376\377\000S\000y\000s\000t\000e\000m\000-\000o\000f\000-\000s\000y\000s\000t\000e\000m\000s\000\040\000v\000i\000e\000w}{chapter.1}% 6
\BOOKMARK [1][-]{section.1.5}{\376\377\000D\000e\000f\000i\000n\000i\000t\000i\000o\000n\000\040\000o\000f\000\040\000d\000o\000n\000e\000\040\000f\000o\000r\000\040\000t\000h\000e\000\040\000b\000a\000s\000e\000\040\000p\000l\000a\000t\000f\000o\000r\000m}{chapter.1}% 7
\BOOKMARK [0][-]{chapter.2}{\376\377\000H\000a\000r\000d\000w\000a\000r\000e\000\040\000A\000r\000c\000h\000i\000t\000e\000c\000t\000u\000r\000e}{}% 8
\BOOKMARK [1][-]{section.2.1}{\376\377\000H\000a\000r\000d\000w\000a\000r\000e\000\040\000i\000n\000v\000e\000n\000t\000o\000r\000y}{chapter.2}% 9
\BOOKMARK [1][-]{section.2.2}{\376\377\000P\000h\000y\000s\000i\000c\000a\000l\000\040\000a\000n\000d\000\040\000l\000o\000g\000i\000c\000a\000l\000\040\000s\000e\000p\000a\000r\000a\000t\000i\000o\000n}{chapter.2}% 10
\BOOKMARK [1][-]{section.2.3}{\376\377\000K\000n\000o\000w\000n\000\040\000p\000i\000n\000\040\000a\000n\000d\000\040\000a\000d\000d\000r\000e\000s\000s\000\040\000c\000o\000n\000v\000e\000n\000t\000i\000o\000n\000s}{chapter.2}% 11
\BOOKMARK [1][-]{section.2.4}{\376\377\000W\000h\000y\000\040\000t\000h\000e\000\040\000N\000U\000C\000\040\000b\000e\000l\000o\000n\000g\000s\000\040\000a\000t\000\040\000t\000h\000e\000\040\000c\000e\000n\000t\000e\000r}{chapter.2}% 12
\BOOKMARK [1][-]{section.2.5}{\376\377\000U\000S\000B\000\040\000d\000e\000v\000i\000c\000e\000\040\000i\000d\000e\000n\000t\000i\000t\000y}{chapter.2}% 13
\BOOKMARK [1][-]{section.2.6}{\376\377\000M\000e\000c\000h\000a\000n\000i\000c\000a\000l\000\040\000a\000s\000s\000u\000m\000p\000t\000i\000o\000n\000s\000\040\000n\000e\000e\000d\000e\000d\000\040\000b\000y\000\040\000s\000o\000f\000t\000w\000a\000r\000e}{chapter.2}% 14
\BOOKMARK [0][-]{chapter.3}{\376\377\000R\000O\000S\000\040\0002\000\040\000F\000o\000u\000n\000d\000a\000t\000i\000o\000n\000\040\000f\000o\000r\000\040\000R\000U\000D\000R\000A}{}% 15
\BOOKMARK [1][-]{section.3.1}{\376\377\000W\000h\000y\000\040\000R\000O\000S\000\040\0002\000\040\000i\000s\000\040\000t\000h\000e\000\040\000r\000o\000b\000o\000t\000\040\000b\000a\000c\000k\000b\000o\000n\000e}{chapter.3}% 16
\BOOKMARK [1][-]{section.3.2}{\376\377\000N\000o\000d\000e\000s\000,\000\040\000t\000o\000p\000i\000c\000s\000,\000\040\000m\000e\000s\000s\000a\000g\000e\000s\000,\000\040\000a\000n\000d\000\040\000p\000a\000r\000a\000m\000e\000t\000e\000r\000s}{chapter.3}% 17
\BOOKMARK [1][-]{section.3.3}{\376\377\000W\000o\000r\000k\000s\000p\000a\000c\000e\000\040\000o\000v\000e\000r\000l\000a\000y\000s}{chapter.3}% 18
\BOOKMARK [1][-]{section.3.4}{\376\377\000D\000D\000S\000\040\000d\000o\000m\000a\000i\000n\000\040\000a\000n\000d\000\040\000r\000e\000m\000o\000t\000e\000\040\000v\000i\000s\000u\000a\000l\000i\000z\000a\000t\000i\000o\000n}{chapter.3}% 19
\BOOKMARK [1][-]{section.3.5}{\376\377\000P\000a\000c\000k\000a\000g\000e\000\040\000s\000t\000r\000u\000c\000t\000u\000r\000e}{chapter.3}% 20
\BOOKMARK [1][-]{section.3.6}{\376\377\000R\000O\000S\000\040\0002\000\040\000m\000e\000n\000t\000a\000l\000\040\000m\000o\000d\000e\000l\000\040\000f\000o\000r\000\040\000R\000U\000D\000R\000A\000\040\000d\000e\000v\000e\000l\000o\000p\000m\000e\000n\000t}{chapter.3}% 21
\BOOKMARK [0][-]{chapter.4}{\376\377\000F\000r\000e\000s\000h\000\040\000U\000b\000u\000n\000t\000u\000\040\000S\000e\000t\000u\000p\000\040\000f\000o\000r\000\040\000R\000u\000d\000r\000a\000\040\000a\000n\000d\000\040\000A\000g\000h\000o\000r\000a}{}% 22
\BOOKMARK [1][-]{section.4.1}{\376\377\000M\000a\000c\000h\000i\000n\000e\000\040\000r\000o\000l\000e\000s}{chapter.4}% 23
\BOOKMARK [1][-]{section.4.2}{\376\377\000I\000n\000s\000t\000a\000l\000l\000\040\000U\000b\000u\000n\000t\000u\000\040\0002\0006\000.\0000\0004}{chapter.4}% 24
\BOOKMARK [1][-]{section.4.3}{\376\377\000B\000o\000o\000t\000s\000t\000r\000a\000p\000\040\000p\000a\000c\000k\000a\000g\000e\000s\000\040\000c\000o\000m\000m\000o\000n\000\040\000t\000o\000\040\000b\000o\000t\000h\000\040\000m\000a\000c\000h\000i\000n\000e\000s}{chapter.4}% 25
\BOOKMARK [1][-]{section.4.4}{\376\377\000I\000n\000s\000t\000a\000l\000l\000\040\000R\000O\000S\000\040\0002\000\040\000L\000y\000r\000i\000c\000a\000l}{chapter.4}% 26
\BOOKMARK [1][-]{section.4.5}{\376\377\000C\000l\000o\000n\000e\000\040\000a\000n\000d\000\040\000b\000u\000i\000l\000d\000\040\000t\000h\000e\000\040\000w\000o\000r\000k\000s\000p\000a\000c\000e}{chapter.4}% 27
\BOOKMARK [1][-]{section.4.6}{\376\377\000I\000n\000s\000t\000a\000l\000l\000\040\000s\000e\000r\000i\000a\000l\000\040\000p\000e\000r\000m\000i\000s\000s\000i\000o\000n\000s\000\040\000a\000n\000d\000\040\000b\000o\000a\000r\000d\000\040\000t\000o\000o\000l\000s\000\040\000o\000n\000\040\000t\000h\000e\000\040\000N\000U\000C}{chapter.4}% 28
\BOOKMARK [1][-]{section.4.7}{\376\377\000I\000n\000s\000t\000a\000l\000l\000\040\000t\000h\000e\000\040\000Y\000D\000L\000I\000D\000A\000R\000\040\000e\000x\000t\000e\000r\000n\000a\000l\000\040\000w\000o\000r\000k\000s\000p\000a\000c\000e\000\040\000o\000n\000\040\000t\000h\000e\000\040\000N\000U\000C}{chapter.4}% 29
\BOOKMARK [1][-]{section.4.8}{\376\377\000S\000h\000e\000l\000l\000\040\000e\000n\000v\000i\000r\000o\000n\000m\000e\000n\000t\000\040\000f\000o\000r\000\040\000e\000v\000e\000r\000y\000\040\000t\000e\000r\000m\000i\000n\000a\000l}{chapter.4}% 30
\BOOKMARK [1][-]{section.4.9}{\376\377\000S\000S\000H\000\040\000a\000n\000d\000\040\000n\000e\000t\000w\000o\000r\000k\000\040\000v\000e\000r\000i\000f\000i\000c\000a\000t\000i\000o\000n}{chapter.4}% 31
\BOOKMARK [1][-]{section.4.10}{\376\377\000F\000i\000r\000s\000t\000\040\000c\000l\000e\000a\000n\000-\000r\000o\000o\000m\000\040\000b\000r\000i\000n\000g\000-\000u\000p\000\040\000c\000h\000e\000c\000k\000l\000i\000s\000t}{chapter.4}% 32
\BOOKMARK [0][-]{chapter.5}{\376\377\000D\000i\000f\000f\000e\000r\000e\000n\000t\000i\000a\000l\000-\000D\000r\000i\000v\000e\000\040\000T\000h\000e\000o\000r\000y}{}% 33
\BOOKMARK [1][-]{section.5.1}{\376\377\000W\000h\000y\000\040\000R\000U\000D\000R\000A\000\040\000i\000s\000\040\000a\000\040\000d\000i\000f\000f\000e\000r\000e\000n\000t\000i\000a\000l\000-\000d\000r\000i\000v\000e\000\040\000r\000o\000b\000o\000t}{chapter.5}% 34
\BOOKMARK [1][-]{section.5.2}{\376\377\000F\000o\000r\000w\000a\000r\000d\000\040\000k\000i\000n\000e\000m\000a\000t\000i\000c\000s}{chapter.5}% 35
\BOOKMARK [1][-]{section.5.3}{\376\377\000I\000n\000v\000e\000r\000s\000e\000\040\000k\000i\000n\000e\000m\000a\000t\000i\000c\000s}{chapter.5}% 36
\BOOKMARK [1][-]{section.5.4}{\376\377\000D\000i\000s\000c\000r\000e\000t\000e\000\040\000o\000d\000o\000m\000e\000t\000r\000y}{chapter.5}% 37
\BOOKMARK [1][-]{section.5.5}{\376\377\000C\000o\000m\000m\000a\000n\000d\000\040\000n\000o\000r\000m\000a\000l\000i\000z\000a\000t\000i\000o\000n\000\040\000t\000o\000\040\000S\000a\000b\000e\000r\000t\000o\000o\000t\000h\000\040\000r\000a\000n\000g\000e}{chapter.5}% 38
\BOOKMARK [1][-]{section.5.6}{\376\377\000M\000a\000n\000u\000a\000l\000\040\000j\000o\000y\000s\000t\000i\000c\000k\000\040\000m\000i\000x\000i\000n\000g}{chapter.5}% 39
\BOOKMARK [1][-]{section.5.7}{\376\377\000W\000h\000y\000\040\000P\000I\000D\000\040\000i\000s\000\040\000n\000o\000t\000\040\000y\000e\000t\000\040\000t\000h\000e\000\040\000f\000i\000r\000s\000t\000\040\000c\000o\000n\000t\000r\000o\000l\000\040\000p\000r\000o\000b\000l\000e\000m}{chapter.5}% 40
\BOOKMARK [0][-]{chapter.6}{\376\377\000P\000o\000w\000e\000r\000\040\000a\000n\000d\000\040\000E\000l\000e\000c\000t\000r\000i\000c\000a\000l\000\040\000A\000r\000c\000h\000i\000t\000e\000c\000t\000u\000r\000e}{}% 41
\BOOKMARK [1][-]{section.6.1}{\376\377\000P\000o\000w\000e\000r\000\040\000s\000e\000p\000a\000r\000a\000t\000i\000o\000n}{chapter.6}% 42
\BOOKMARK [1][-]{section.6.2}{\376\377\000N\000U\000C\000\040\000v\000o\000l\000t\000a\000g\000e\000\040\000t\000o\000l\000e\000r\000a\000n\000c\000e}{chapter.6}% 43
\BOOKMARK [1][-]{section.6.3}{\376\377\0004\000S\000\040\000L\000i\000P\000o\000\040\000t\000h\000r\000e\000s\000h\000o\000l\000d\000s}{chapter.6}% 44
\BOOKMARK [1][-]{section.6.4}{\376\377\000D\000C\000D\000C\000-\000U\000S\000B\000\040\000m\000o\000n\000i\000t\000o\000r\000\040\000b\000e\000h\000a\000v\000i\000o\000r}{chapter.6}% 45
\BOOKMARK [1][-]{section.6.5}{\376\377\000M\000o\000n\000i\000t\000o\000r\000-\000f\000i\000r\000s\000t\000\040\000i\000n\000t\000e\000g\000r\000a\000t\000i\000o\000n}{chapter.6}% 46
\BOOKMARK [1][-]{section.6.6}{\376\377\000U\000S\000B\000\040\000p\000o\000w\000e\000r\000\040\000c\000a\000v\000e\000a\000t\000s}{chapter.6}% 47
\BOOKMARK [0][-]{chapter.7}{\376\377\000I\000n\000t\000e\000l\000\040\000N\000U\000C\0007\000i\0007\000B\000N\000H\000\040\000a\000n\000d\000\040\000D\000C\000D\000C\000-\000U\000S\000B}{}% 48
\BOOKMARK [1][-]{section.7.1}{\376\377\000N\000U\000C\000\040\000r\000o\000l\000e\000\040\000i\000n\000\040\000t\000h\000e\000\040\000r\000o\000b\000o\000t}{chapter.7}% 49
\BOOKMARK [1][-]{section.7.2}{\376\377\000N\000U\000C\0007\000i\0007\000B\000N\000H\000\040\000e\000l\000e\000c\000t\000r\000i\000c\000a\000l\000\040\000i\000n\000p\000u\000t}{chapter.7}% 50
\BOOKMARK [1][-]{section.7.3}{\376\377\000D\000C\000D\000C\000-\000U\000S\000B\000\040\000r\000o\000l\000e}{chapter.7}% 51
\BOOKMARK [1][-]{section.7.4}{\376\377\000P\000r\000o\000g\000r\000a\000m\000m\000i\000n\000g\000\040\000t\000h\000e\000\040\000D\000C\000D\000C\000-\000U\000S\000B}{chapter.7}% 52
\BOOKMARK [1][-]{section.7.5}{\376\377\000I\000n\000t\000e\000r\000p\000r\000e\000t\000i\000n\000g\000\040\000D\000C\000D\000C\000-\000U\000S\000B\000\040\000o\000u\000t\000p\000u\000t}{chapter.7}% 53
\BOOKMARK [1][-]{section.7.6}{\376\377\000R\000O\000S\000\040\000m\000o\000n\000i\000t\000o\000r}{chapter.7}% 54
\BOOKMARK [1][-]{section.7.7}{\376\377\000S\000h\000u\000t\000d\000o\000w\000n\000\040\000p\000o\000l\000i\000c\000y}{chapter.7}% 55
\BOOKMARK [1][-]{section.7.8}{\376\377\000B\000e\000n\000c\000h\000\040\000v\000a\000l\000i\000d\000a\000t\000i\000o\000n\000\040\000s\000e\000q\000u\000e\000n\000c\000e}{chapter.7}% 56
\BOOKMARK [0][-]{chapter.8}{\376\377\000S\000a\000b\000e\000r\000t\000o\000o\000t\000h\000\040\000M\000o\000t\000o\000r\000\040\000D\000r\000i\000v\000e\000r\000\040\000S\000y\000s\000t\000e\000m}{}% 57
\BOOKMARK [1][-]{section.8.1}{\376\377\000W\000h\000y\000\040\000t\000h\000e\000\040\000S\000a\000b\000e\000r\000t\000o\000o\000t\000h\000\040\000i\000s\000\040\000u\000s\000e\000d}{chapter.8}% 58
\BOOKMARK [1][-]{section.8.2}{\376\377\000A\000d\000d\000r\000e\000s\000s\000i\000n\000g\000\040\000m\000o\000d\000e\000l}{chapter.8}% 59
\BOOKMARK [1][-]{section.8.3}{\376\377\000D\000I\000P\000\040\000s\000w\000i\000t\000c\000h\000e\000s\000\040\000a\000n\000d\000\040\000p\000a\000c\000k\000e\000t\000\040\000s\000e\000r\000i\000a\000l}{chapter.8}% 60
\BOOKMARK [1][-]{section.8.4}{\376\377\000C\000o\000m\000m\000a\000n\000d\000\040\000m\000a\000p\000p\000i\000n\000g}{chapter.8}% 61
\BOOKMARK [1][-]{section.8.5}{\376\377\000R\000e\000g\000e\000n\000e\000r\000a\000t\000i\000o\000n\000\040\000a\000n\000d\000\040\000b\000a\000t\000t\000e\000r\000y\000\040\000s\000a\000f\000e\000t\000y}{chapter.8}% 62
\BOOKMARK [1][-]{section.8.6}{\376\377\000M\000o\000t\000o\000r\000\040\000b\000r\000i\000n\000g\000-\000u\000p\000\040\000p\000r\000o\000c\000e\000d\000u\000r\000e}{chapter.8}% 63
\BOOKMARK [0][-]{chapter.9}{\376\377\000T\000e\000e\000n\000s\000y\000\040\0004\000.\0001\000,\000\040\000A\000r\000d\000u\000i\000n\000o\000\040\000U\000n\000o\000,\000\040\000a\000n\000d\000\040\000P\000S\0002\000\040\000C\000o\000n\000t\000r\000o\000l\000l\000e\000r\000\040\000L\000a\000y\000e\000r}{}% 64
\BOOKMARK [1][-]{section.9.1}{\376\377\000T\000e\000e\000n\000s\000y\000\040\0004\000.\0001\000\040\000a\000s\000\040\000t\000h\000e\000\040\000b\000a\000s\000e\000\040\000c\000o\000n\000t\000r\000o\000l\000l\000e\000r}{chapter.9}% 65
\BOOKMARK [1][-]{section.9.2}{\376\377\000A\000r\000d\000u\000i\000n\000o\000\040\000U\000n\000o\000\040\000a\000s\000\040\000t\000h\000e\000\040\000P\000S\0002\000\040\000i\000n\000p\000u\000t\000\040\000c\000o\000n\000t\000r\000o\000l\000l\000e\000r}{chapter.9}% 66
\BOOKMARK [1][-]{section.9.3}{\376\377\000G\000u\000a\000r\000d\000\040\000l\000a\000t\000c\000h\000\040\000s\000e\000m\000a\000n\000t\000i\000c\000s}{chapter.9}% 67
\BOOKMARK [1][-]{section.9.4}{\376\377\000T\000e\000e\000n\000s\000y\000\040\000c\000o\000m\000m\000a\000n\000d\000\040\000a\000n\000d\000\040\000a\000c\000k\000n\000o\000w\000l\000e\000d\000g\000e\000m\000e\000n\000t\000\040\000c\000o\000n\000t\000r\000a\000c\000t}{chapter.9}% 68
\BOOKMARK [1][-]{section.9.5}{\376\377\000F\000i\000r\000m\000w\000a\000r\000e\000\040\000t\000i\000m\000i\000n\000g}{chapter.9}% 69
\BOOKMARK [1][-]{section.9.6}{\376\377\000F\000l\000a\000s\000h\000i\000n\000g\000\040\000w\000o\000r\000k\000f\000l\000o\000w}{chapter.9}% 70
\BOOKMARK [1][-]{section.9.7}{\376\377\000T\000e\000s\000t\000\040\000l\000a\000d\000d\000e\000r}{chapter.9}% 71
\BOOKMARK [0][-]{chapter.10}{\376\377\000I\000n\000e\000r\000t\000i\000a\000l\000\040\000M\000e\000a\000s\000u\000r\000e\000m\000e\000n\000t\000\040\000L\000a\000y\000e\000r}{}% 72
\BOOKMARK [1][-]{section.10.1}{\376\377\000S\000e\000n\000s\000o\000r\000\040\000m\000o\000d\000e\000l}{chapter.10}% 73
\BOOKMARK [1][-]{section.10.2}{\376\377\000F\000i\000r\000m\000w\000a\000r\000e\000\040\000c\000o\000n\000v\000e\000r\000s\000i\000o\000n}{chapter.10}% 74
\BOOKMARK [1][-]{section.10.3}{\376\377\000F\000r\000a\000m\000e\000\040\000c\000o\000n\000v\000e\000n\000t\000i\000o\000n}{chapter.10}% 75
\BOOKMARK [1][-]{section.10.4}{\376\377\000F\000i\000l\000t\000e\000r\000i\000n\000g\000\040\000a\000n\000d\000\040\000f\000u\000s\000i\000o\000n}{chapter.10}% 76
\BOOKMARK [1][-]{section.10.5}{\376\377\000P\000r\000a\000c\000t\000i\000c\000a\000l\000\040\000c\000a\000l\000i\000b\000r\000a\000t\000i\000o\000n}{chapter.10}% 77
\BOOKMARK [1][-]{section.10.6}{\376\377\000W\000h\000y\000\040\000t\000h\000e\000\040\000I\000M\000U\000\040\000d\000o\000e\000s\000\040\000n\000o\000t\000\040\000r\000e\000p\000l\000a\000c\000e\000\040\000w\000h\000e\000e\000l\000\040\000o\000d\000o\000m\000e\000t\000r\000y}{chapter.10}% 78
\BOOKMARK [0][-]{chapter.11}{\376\377\000L\000i\000D\000A\000R\000\040\000S\000c\000a\000n\000\040\000a\000n\000d\000\040\000O\000b\000s\000t\000a\000c\000l\000e\000\040\000A\000v\000o\000i\000d\000a\000n\000c\000e}{}% 79
\BOOKMARK [1][-]{section.11.1}{\376\377\000W\000h\000y\000\040\000t\000h\000e\000\040\000d\000r\000i\000v\000e\000r\000\040\000i\000s\000\040\000e\000x\000t\000e\000r\000n\000a\000l}{chapter.11}% 80
\BOOKMARK [1][-]{section.11.2}{\376\377\000R\000U\000D\000R\000A\000v\0004\000\040\000c\000u\000s\000t\000o\000m\000i\000z\000a\000t\000i\000o\000n\000\040\000p\000o\000i\000n\000t\000s}{chapter.11}% 81
\BOOKMARK [1][-]{section.11.3}{\376\377\000L\000i\000D\000A\000R\000\040\000i\000n\000\040\000t\000h\000e\000\040\000r\000o\000b\000o\000t\000\040\000g\000r\000a\000p\000h}{chapter.11}% 82
\BOOKMARK [1][-]{section.11.4}{\376\377\000K\000n\000o\000w\000n\000\040\000s\000t\000a\000r\000t\000u\000p\000\040\000b\000e\000h\000a\000v\000i\000o\000r}{chapter.11}% 83
\BOOKMARK [1][-]{section.11.5}{\376\377\000O\000b\000s\000t\000a\000c\000l\000e\000\040\000g\000u\000a\000r\000d\000\040\000m\000a\000t\000h\000e\000m\000a\000t\000i\000c\000s}{chapter.11}% 84
\BOOKMARK [1][-]{section.11.6}{\376\377\000D\000e\000b\000u\000g\000g\000i\000n\000g\000\040\000n\000o\000\040\000s\000c\000a\000n}{chapter.11}% 85
\BOOKMARK [0][-]{chapter.12}{\376\377\000R\000U\000D\000R\000A\000v\0004\000\040\000H\000a\000r\000d\000w\000a\000r\000e}{}% 86
\BOOKMARK [1][-]{section.12.1}{\376\377\000R\000o\000b\000o\000t\000\040\000b\000o\000d\000y}{chapter.12}% 87
\BOOKMARK [1][-]{section.12.2}{\376\377\000R\000U\000D\000R\000A\000v\0004\000\040\000b\000a\000t\000t\000e\000r\000y\000\040\000a\000r\000c\000h\000i\000t\000e\000c\000t\000u\000r\000e}{chapter.12}% 88
\BOOKMARK [1][-]{section.12.3}{\376\377\000B\000a\000t\000t\000e\000r\000y\000\040\000c\000a\000l\000c\000u\000l\000a\000t\000i\000o\000n\000s}{chapter.12}% 89
\BOOKMARK [1][-]{section.12.4}{\376\377\000C\000-\000r\000a\000t\000i\000n\000g\000\040\000c\000a\000u\000t\000i\000o\000n}{chapter.12}% 90
\BOOKMARK [1][-]{section.12.5}{\376\377\000P\000h\000y\000s\000i\000c\000a\000l\000\040\000w\000i\000r\000i\000n\000g\000\040\000a\000n\000d\000\040\000B\000O\000M\000\040\000r\000e\000f\000e\000r\000e\000n\000c\000e}{chapter.12}% 91
\BOOKMARK [1][-]{section.12.6}{\376\377\000M\000e\000c\000h\000a\000n\000i\000c\000a\000l\000\040\000i\000n\000t\000e\000g\000r\000a\000t\000i\000o\000n\000\040\000n\000o\000t\000e\000s}{chapter.12}% 92
\BOOKMARK [1][-]{section.12.7}{\376\377\000V\000e\000r\000i\000f\000i\000c\000a\000t\000i\000o\000n\000\040\000b\000e\000f\000o\000r\000e\000\040\000c\000l\000o\000s\000i\000n\000g\000\040\000t\000h\000e\000\040\000d\000e\000c\000k}{chapter.12}% 93
\BOOKMARK [0][-]{chapter.13}{\376\377\000E\000n\000g\000i\000n\000e\000e\000r\000i\000n\000g\000\040\000S\000y\000s\000t\000e\000m\000\040\000S\000c\000h\000e\000m\000a\000t\000i\000c\000s}{}% 94
\BOOKMARK [1][-]{section.13.1}{\376\377\000S\000c\000h\000e\000m\000a\000t\000i\000c\000\040\000i\000n\000t\000e\000r\000p\000r\000e\000t\000a\000t\000i\000o\000n\000\040\000n\000o\000t\000e\000s}{chapter.13}% 95
\BOOKMARK [0][-]{chapter.14}{\376\377\000N\000a\000v\000i\000g\000a\000t\000i\000o\000n\000,\000\040\000A\000u\000t\000o\000n\000o\000m\000y\000,\000\040\000a\000n\000d\000\040\000S\000y\000s\000t\000e\000m\000s\000\040\000T\000h\000e\000o\000r\000y}{}% 96
\BOOKMARK [1][-]{section.14.1}{\376\377\000W\000h\000a\000t\000\040\000n\000a\000v\000i\000g\000a\000t\000i\000o\000n\000\040\000m\000e\000a\000n\000s\000\040\000i\000n\000\040\000R\000U\000D\000R\000A\000v\0004\000\040\000t\000o\000d\000a\000y}{chapter.14}% 97
\BOOKMARK [1][-]{section.14.2}{\376\377\000T\000h\000e\000\040\000a\000u\000t\000o\000n\000o\000m\000y\000\040\000s\000t\000a\000c\000k\000\040\000a\000s\000\040\000l\000a\000y\000e\000r\000e\000d\000\040\000c\000o\000n\000t\000r\000a\000c\000t\000s}{chapter.14}% 98
\BOOKMARK [1][-]{section.14.3}{\376\377\000P\000e\000r\000c\000e\000p\000t\000i\000o\000n\000:\000\040\000L\000a\000s\000e\000r\000S\000c\000a\000n\000\040\000a\000s\000\040\000g\000e\000o\000m\000e\000t\000r\000y}{chapter.14}% 99
\BOOKMARK [1][-]{section.14.4}{\376\377\000S\000t\000a\000t\000e\000\040\000e\000s\000t\000i\000m\000a\000t\000i\000o\000n\000:\000\040\000o\000d\000o\000m\000\040\000i\000s\000\040\000n\000o\000t\000\040\000m\000a\000p}{chapter.14}% 100
\BOOKMARK [1][-]{section.14.5}{\376\377\000C\000o\000n\000t\000r\000o\000l\000:\000\040\000o\000p\000e\000n\000-\000l\000o\000o\000p\000\040\000c\000o\000m\000m\000a\000n\000d\000,\000\040\000c\000l\000o\000s\000e\000d\000-\000l\000o\000o\000p\000\040\000r\000o\000a\000d\000m\000a\000p}{chapter.14}% 101
\BOOKMARK [1][-]{section.14.6}{\376\377\000N\000a\000v\000i\000g\000a\000t\000i\000o\000n\000\040\000r\000e\000a\000d\000i\000n\000e\000s\000s\000\040\000c\000r\000i\000t\000e\000r\000i\000a}{chapter.14}% 102
\BOOKMARK [1][-]{section.14.7}{\376\377\000O\000p\000e\000r\000a\000t\000i\000o\000n\000a\000l\000\040\000l\000a\000u\000n\000c\000h\000\040\000p\000a\000t\000t\000e\000r\000n}{chapter.14}% 103
\BOOKMARK [0][-]{chapter.15}{\376\377\000F\000i\000r\000m\000w\000a\000r\000e\000\040\000A\000r\000c\000h\000i\000t\000e\000c\000t\000u\000r\000e}{}% 104
\BOOKMARK [1][-]{section.15.1}{\376\377\000W\000h\000y\000\040\000f\000i\000r\000m\000w\000a\000r\000e\000\040\000i\000s\000\040\000s\000p\000l\000i\000t}{chapter.15}% 105
\BOOKMARK [1][-]{section.15.2}{\376\377\000U\000n\000o\000\040\000P\000S\0002\000\040\000f\000i\000r\000m\000w\000a\000r\000e}{chapter.15}% 106
\BOOKMARK [1][-]{section.15.3}{\376\377\000T\000e\000e\000n\000s\000y\000\040\000b\000a\000s\000e\000-\000d\000r\000i\000v\000e\000\040\000f\000i\000r\000m\000w\000a\000r\000e}{chapter.15}% 107
\BOOKMARK [1][-]{section.15.4}{\376\377\000T\000e\000e\000n\000s\000y\000\040\000I\000M\000U\000\040\000a\000n\000d\000\040\000o\000d\000o\000m\000e\000t\000r\000y\000\040\000f\000i\000r\000m\000w\000a\000r\000e}{chapter.15}% 108
\BOOKMARK [1][-]{section.15.5}{\376\377\000I\000M\000U\000\040\000s\000c\000a\000l\000e\000\040\000a\000n\000d\000\040\000e\000n\000c\000o\000d\000e\000r\000\040\000s\000c\000a\000l\000e}{chapter.15}% 109
\BOOKMARK [1][-]{section.15.6}{\376\377\000F\000i\000r\000m\000w\000a\000r\000e\000\040\000v\000a\000l\000i\000d\000a\000t\000i\000o\000n\000\040\000c\000h\000e\000c\000k\000l\000i\000s\000t}{chapter.15}% 110
\BOOKMARK [1][-]{section.15.7}{\376\377\000W\000h\000e\000n\000\040\000t\000o\000\040\000r\000e\000f\000l\000a\000s\000h}{chapter.15}% 111
\BOOKMARK [0][-]{chapter.16}{\376\377\000R\000O\000S\000\040\000W\000o\000r\000k\000s\000p\000a\000c\000e\000\040\000A\000r\000c\000h\000i\000t\000e\000c\000t\000u\000r\000e}{}% 112
\BOOKMARK [1][-]{section.16.1}{\376\377\000R\000e\000p\000o\000s\000i\000t\000o\000r\000y\000\040\000l\000a\000y\000o\000u\000t}{chapter.16}% 113
\BOOKMARK [1][-]{section.16.2}{\376\377\000N\000o\000d\000e\000\040\000i\000n\000v\000e\000n\000t\000o\000r\000y}{chapter.16}% 114
\BOOKMARK [1][-]{section.16.3}{\376\377\000H\000e\000l\000p\000e\000r\000\040\000m\000o\000d\000u\000l\000e\000s}{chapter.16}% 115
\BOOKMARK [1][-]{section.16.4}{\376\377\000L\000a\000u\000n\000c\000h\000\040\000f\000i\000l\000e\000\040\000i\000n\000v\000e\000n\000t\000o\000r\000y}{chapter.16}% 116
\BOOKMARK [1][-]{section.16.5}{\376\377\000C\000o\000n\000f\000i\000g\000u\000r\000a\000t\000i\000o\000n\000\040\000f\000i\000l\000e\000s}{chapter.16}% 117
\BOOKMARK [1][-]{section.16.6}{\376\377\000B\000u\000i\000l\000d\000\040\000m\000o\000d\000e\000l}{chapter.16}% 118
\BOOKMARK [1][-]{section.16.7}{\376\377\000W\000h\000y\000\040\000w\000r\000a\000p\000p\000e\000r\000\040\000s\000c\000r\000i\000p\000t\000s\000\040\000e\000x\000i\000s\000t}{chapter.16}% 119
\BOOKMARK [0][-]{chapter.17}{\376\377\000S\000e\000r\000i\000a\000l\000\040\000P\000r\000o\000t\000o\000c\000o\000l\000s\000\040\000a\000n\000d\000\040\000S\000a\000f\000e\000t\000y\000\040\000S\000t\000a\000t\000e\000\040\000M\000a\000c\000h\000i\000n\000e\000s}{}% 120
\BOOKMARK [1][-]{section.17.1}{\376\377\000W\000h\000y\000\040\000p\000l\000a\000i\000n\000\040\000s\000e\000r\000i\000a\000l}{chapter.17}% 121
\BOOKMARK [1][-]{section.17.2}{\376\377\000U\000n\000o\000\040\000t\000o\000\040\000N\000U\000C\000\040\000p\000r\000o\000t\000o\000c\000o\000l}{chapter.17}% 122
\BOOKMARK [1][-]{section.17.3}{\376\377\000N\000U\000C\000\040\000t\000o\000\040\000T\000e\000e\000n\000s\000y\000\040\000p\000r\000o\000t\000o\000c\000o\000l}{chapter.17}% 123
\BOOKMARK [1][-]{section.17.4}{\376\377\000T\000e\000l\000e\000m\000e\000t\000r\000y\000\040\000p\000r\000o\000t\000o\000c\000o\000l}{chapter.17}% 124
\BOOKMARK [1][-]{section.17.5}{\376\377\000T\000i\000m\000i\000n\000g\000\040\000a\000n\000d\000\040\000t\000i\000m\000e\000o\000u\000t}{chapter.17}% 125
\BOOKMARK [1][-]{section.17.6}{\376\377\000S\000t\000a\000t\000e\000\040\000m\000a\000c\000h\000i\000n\000e\000s}{chapter.17}% 126
\BOOKMARK [0][-]{chapter.18}{\376\377\000M\000a\000n\000u\000a\000l\000\040\000C\000o\000n\000t\000r\000o\000l\000\040\000B\000r\000i\000d\000g\000e}{}% 127
\BOOKMARK [1][-]{section.18.1}{\376\377\000P\000u\000r\000p\000o\000s\000e\000\040\000o\000f\000\040\000p\000s\0002\000_\000u\000n\000o\000_\000t\000o\000_\000t\000e\000e\000n\000s\000y}{chapter.18}% 128
\BOOKMARK [1][-]{section.18.2}{\376\377\000A\000x\000i\000s\000\040\000m\000a\000p\000p\000i\000n\000g}{chapter.18}% 129
\BOOKMARK [1][-]{section.18.3}{\376\377\000M\000a\000n\000u\000a\000l\000\040\000m\000i\000x\000i\000n\000g}{chapter.18}% 130
\BOOKMARK [1][-]{section.18.4}{\376\377\000O\000b\000s\000t\000a\000c\000l\000e\000-\000g\000u\000a\000r\000d\000\040\000l\000a\000t\000c\000h}{chapter.18}% 131
\BOOKMARK [1][-]{section.18.5}{\376\377\000P\000u\000b\000l\000i\000s\000h\000e\000d\000\040\000t\000o\000p\000i\000c\000s}{chapter.18}% 132
\BOOKMARK [1][-]{section.18.6}{\376\377\000L\000a\000u\000n\000c\000h}{chapter.18}% 133
\BOOKMARK [1][-]{section.18.7}{\376\377\000O\000p\000e\000r\000a\000t\000o\000r\000\040\000s\000e\000q\000u\000e\000n\000c\000e}{chapter.18}% 134
\BOOKMARK [0][-]{chapter.19}{\376\377\000L\000i\000D\000A\000R\000\040\000a\000n\000d\000\040\000O\000b\000s\000t\000a\000c\000l\000e\000\040\000G\000u\000a\000r\000d}{}% 135
\BOOKMARK [1][-]{section.19.1}{\376\377\000Y\000D\000L\000I\000D\000A\000R\000\040\000r\000o\000l\000e}{chapter.19}% 136
\BOOKMARK [1][-]{section.19.2}{\376\377\000L\000a\000s\000e\000r\000S\000c\000a\000n\000\040\000g\000e\000o\000m\000e\000t\000r\000y}{chapter.19}% 137
\BOOKMARK [1][-]{section.19.3}{\376\377\000G\000u\000a\000r\000d\000\040\000s\000c\000a\000l\000e\000\040\000l\000a\000w}{chapter.19}% 138
\BOOKMARK [1][-]{section.19.4}{\376\377\000M\000a\000r\000k\000e\000r\000\040\000a\000n\000d\000\040\000s\000t\000a\000t\000u\000s\000\040\000o\000u\000t\000p\000u\000t}{chapter.19}% 139
\BOOKMARK [1][-]{section.19.5}{\376\377\000L\000i\000D\000A\000R\000\040\000s\000t\000a\000r\000t\000u\000p\000\040\000b\000e\000h\000a\000v\000i\000o\000r}{chapter.19}% 140
\BOOKMARK [1][-]{section.19.6}{\376\377\000L\000a\000u\000n\000c\000h\000i\000n\000g\000\040\000L\000i\000D\000A\000R}{chapter.19}% 141
\BOOKMARK [0][-]{chapter.20}{\376\377\000L\000o\000c\000a\000l\000i\000z\000a\000t\000i\000o\000n\000,\000\040\000O\000d\000o\000m\000e\000t\000r\000y\000,\000\040\000a\000n\000d\000\040\000T\000F}{}% 142
\BOOKMARK [1][-]{section.20.1}{\376\377\000T\000h\000e\000\040\000f\000r\000a\000m\000e\000\040\000p\000r\000o\000b\000l\000e\000m}{chapter.20}% 143
\BOOKMARK [1][-]{section.20.2}{\376\377\000T\000e\000l\000e\000m\000e\000t\000r\000y\000\040\000s\000o\000u\000r\000c\000e\000s}{chapter.20}% 144
\BOOKMARK [1][-]{section.20.3}{\376\377\000W\000h\000e\000e\000l\000\040\000o\000d\000o\000m\000e\000t\000r\000y\000\040\000f\000r\000o\000m\000\040\000e\000n\000c\000o\000d\000e\000r\000\040\000t\000e\000l\000e\000m\000e\000t\000r\000y}{chapter.20}% 145
\BOOKMARK [1][-]{section.20.4}{\376\377\000I\000M\000U\000\040\000t\000e\000l\000e\000m\000e\000t\000r\000y}{chapter.20}% 146
\BOOKMARK [1][-]{section.20.5}{\376\377\000E\000K\000F\000\040\000f\000u\000s\000i\000o\000n}{chapter.20}% 147
\BOOKMARK [2][-]{subsection.20.5.1}{\376\377\000C\000o\000v\000a\000r\000i\000a\000n\000c\000e\000\040\000a\000s\000\040\000t\000r\000u\000s\000t}{section.20.5}% 148
\BOOKMARK [2][-]{subsection.20.5.2}{\376\377\000T\000w\000o\000-\000d\000i\000m\000e\000n\000s\000i\000o\000n\000a\000l\000\040\000m\000o\000d\000e}{section.20.5}% 149
\BOOKMARK [1][-]{section.20.6}{\376\377\000W\000h\000y\000\040\000p\000u\000b\000l\000i\000s\000h\000\040\000T\000F\000\040\000o\000u\000t\000s\000i\000d\000e\000\040\000t\000h\000e\000\040\000E\000K\000F}{chapter.20}% 150
\BOOKMARK [1][-]{section.20.7}{\376\377\000L\000a\000u\000n\000c\000h}{chapter.20}% 151
\BOOKMARK [0][-]{chapter.21}{\376\377\000L\000a\000u\000n\000c\000h\000i\000n\000g\000,\000\040\000O\000p\000e\000r\000a\000t\000i\000n\000g\000,\000\040\000a\000n\000d\000\040\000M\000o\000n\000i\000t\000o\000r\000i\000n\000g\000\040\000R\000U\000D\000R\000A}{}% 152
\BOOKMARK [1][-]{section.21.1}{\376\377\000P\000r\000e\000-\000l\000a\000u\000n\000c\000h\000\040\000c\000h\000e\000c\000k\000l\000i\000s\000t}{chapter.21}% 153
\BOOKMARK [1][-]{section.21.2}{\376\377\000M\000o\000d\000e\000\040\000s\000e\000l\000e\000c\000t\000i\000o\000n}{chapter.21}% 154
\BOOKMARK [1][-]{section.21.3}{\376\377\000F\000u\000l\000l\000\040\000b\000r\000i\000n\000g\000u\000p\000\040\000s\000e\000q\000u\000e\000n\000c\000e}{chapter.21}% 155
\BOOKMARK [1][-]{section.21.4}{\376\377\000M\000o\000n\000i\000t\000o\000r\000i\000n\000g\000\040\000c\000o\000m\000m\000a\000n\000d\000s}{chapter.21}% 156
\BOOKMARK [1][-]{section.21.5}{\376\377\000W\000h\000a\000t\000\040\000g\000o\000o\000d\000\040\000l\000o\000o\000k\000s\000\040\000l\000i\000k\000e}{chapter.21}% 157
\BOOKMARK [1][-]{section.21.6}{\376\377\000R\000V\000i\000z\000\040\000v\000i\000e\000w\000s}{chapter.21}% 158
\BOOKMARK [1][-]{section.21.7}{\376\377\000S\000h\000u\000t\000d\000o\000w\000n}{chapter.21}% 159
\BOOKMARK [0][-]{chapter.22}{\376\377\000T\000e\000s\000t\000i\000n\000g\000\040\000a\000n\000d\000\040\000C\000o\000m\000m\000i\000s\000s\000i\000o\000n\000i\000n\000g}{}% 160
\BOOKMARK [1][-]{section.22.1}{\376\377\000C\000o\000m\000m\000i\000s\000s\000i\000o\000n\000i\000n\000g\000\040\000p\000h\000i\000l\000o\000s\000o\000p\000h\000y}{chapter.22}% 161
\BOOKMARK [1][-]{section.22.2}{\376\377\000S\000t\000a\000g\000e\000\040\0000\000:\000\040\000s\000t\000a\000t\000i\000c\000\040\000i\000n\000s\000p\000e\000c\000t\000i\000o\000n}{chapter.22}% 162
\BOOKMARK [1][-]{section.22.3}{\376\377\000S\000t\000a\000g\000e\000\040\0001\000:\000\040\000s\000e\000r\000i\000a\000l\000\040\000i\000d\000e\000n\000t\000i\000t\000y}{chapter.22}% 163
\BOOKMARK [1][-]{section.22.4}{\376\377\000S\000t\000a\000g\000e\000\040\0002\000:\000\040\000f\000i\000r\000m\000w\000a\000r\000e\000\040\000p\000a\000c\000k\000e\000t\000\040\000t\000e\000s\000t\000s}{chapter.22}% 164
\BOOKMARK [1][-]{section.22.5}{\376\377\000S\000t\000a\000g\000e\000\040\0003\000:\000\040\000R\000O\000S\000\040\000b\000r\000i\000d\000g\000e\000\040\000t\000e\000s\000t\000s}{chapter.22}% 165
\BOOKMARK [1][-]{section.22.6}{\376\377\000S\000t\000a\000g\000e\000\040\0004\000:\000\040\000m\000o\000t\000o\000r\000\040\000d\000i\000r\000e\000c\000t\000i\000o\000n\000\040\000t\000e\000s\000t}{chapter.22}% 166
\BOOKMARK [1][-]{section.22.7}{\376\377\000S\000t\000a\000g\000e\000\040\0005\000:\000\040\000L\000i\000D\000A\000R\000\040\000a\000n\000d\000\040\000g\000u\000a\000r\000d\000\040\000t\000e\000s\000t}{chapter.22}% 167
\BOOKMARK [1][-]{section.22.8}{\376\377\000S\000t\000a\000g\000e\000\040\0006\000:\000\040\000t\000e\000l\000e\000m\000e\000t\000r\000y\000\040\000a\000n\000d\000\040\000l\000o\000c\000a\000l\000i\000z\000a\000t\000i\000o\000n}{chapter.22}% 168
\BOOKMARK [1][-]{section.22.9}{\376\377\000S\000t\000a\000g\000e\000\040\0007\000:\000\040\000p\000o\000w\000e\000r\000\040\000m\000o\000n\000i\000t\000o\000r\000\040\000t\000e\000s\000t}{chapter.22}% 169
\BOOKMARK [1][-]{section.22.10}{\376\377\000A\000c\000c\000e\000p\000t\000a\000n\000c\000e\000\040\000m\000a\000t\000r\000i\000x}{chapter.22}% 170
\BOOKMARK [0][-]{chapter.23}{\376\377\000T\000r\000o\000u\000b\000l\000e\000s\000h\000o\000o\000t\000i\000n\000g\000\040\000a\000n\000d\000\040\000D\000e\000v\000e\000l\000o\000p\000m\000e\000n\000t\000\040\000R\000o\000a\000d\000m\000a\000p}{}% 171
\BOOKMARK [1][-]{section.23.1}{\376\377\000F\000a\000u\000l\000t\000\040\000i\000s\000o\000l\000a\000t\000i\000o\000n\000\040\000t\000r\000e\000e}{chapter.23}% 172
\BOOKMARK [1][-]{section.23.2}{\376\377\000C\000o\000m\000m\000o\000n\000\040\000s\000y\000m\000p\000t\000o\000m\000s}{chapter.23}% 173
\BOOKMARK [1][-]{section.23.3}{\376\377\000D\000e\000v\000e\000l\000o\000p\000m\000e\000n\000t\000\040\000r\000o\000a\000d\000m\000a\000p}{chapter.23}% 174
\BOOKMARK [1][-]{section.23.4}{\376\377\000W\000h\000a\000t\000\040\000n\000o\000t\000\040\000t\000o\000\040\000d\000o}{chapter.23}% 175
\BOOKMARK [1][-]{section.23.5}{\376\377\000F\000u\000t\000u\000r\000e\000\040\000b\000o\000o\000k\000\040\000a\000d\000d\000i\000t\000i\000o\000n\000s}{chapter.23}% 176
\BOOKMARK [0][-]{appendix.A}{\376\377\000C\000o\000m\000m\000a\000n\000d\000\040\000R\000e\000f\000e\000r\000e\000n\000c\000e}{}% 177
\BOOKMARK [1][-]{section.A.1}{\376\377\000B\000u\000i\000l\000d\000\040\000a\000n\000d\000\040\000s\000o\000u\000r\000c\000e}{appendix.A}% 178
\BOOKMARK [1][-]{section.A.2}{\376\377\000S\000e\000r\000i\000a\000l\000\040\000d\000e\000v\000i\000c\000e\000s}{appendix.A}% 179
\BOOKMARK [1][-]{section.A.3}{\376\377\000L\000a\000u\000n\000c\000h\000\040\000c\000o\000m\000m\000a\000n\000d\000s}{appendix.A}% 180
\BOOKMARK [1][-]{section.A.4}{\376\377\000T\000o\000p\000i\000c\000\040\000m\000o\000n\000i\000t\000o\000r\000s}{appendix.A}% 181
\BOOKMARK [1][-]{section.A.5}{\376\377\000D\000C\000D\000C\000-\000U\000S\000B\000\040\000c\000h\000e\000c\000k\000s}{appendix.A}% 182
\BOOKMARK [1][-]{section.A.6}{\376\377\000O\000b\000s\000t\000a\000c\000l\000e\000\040\000g\000u\000a\000r\000d\000\040\000e\000n\000a\000b\000l\000e\000\040\000a\000n\000d\000\040\000d\000i\000s\000a\000b\000l\000e}{appendix.A}% 183
\BOOKMARK [1][-]{section.A.7}{\376\377\000L\000i\000D\000A\000R\000\040\000s\000h\000u\000t\000d\000o\000w\000n}{appendix.A}% 184
\BOOKMARK [1][-]{section.A.8}{\376\377\000N\000U\000C\000\040\000s\000h\000u\000t\000d\000o\000w\000n}{appendix.A}% 185
\BOOKMARK [0][-]{appendix.B}{\376\377\000C\000o\000n\000f\000i\000g\000u\000r\000a\000t\000i\000o\000n\000\040\000R\000e\000f\000e\000r\000e\000n\000c\000e}{}% 186
\BOOKMARK [1][-]{section.B.1}{\376\377\000H\000a\000r\000d\000w\000a\000r\000e\000\040\000c\000o\000n\000f\000i\000g\000u\000r\000a\000t\000i\000o\000n}{appendix.B}% 187
\BOOKMARK [1][-]{section.B.2}{\376\377\000Y\000D\000L\000I\000D\000A\000R\000\040\000c\000o\000n\000f\000i\000g\000u\000r\000a\000t\000i\000o\000n}{appendix.B}% 188
\BOOKMARK [1][-]{section.B.3}{\376\377\000E\000K\000F\000\040\000c\000o\000n\000f\000i\000g\000u\000r\000a\000t\000i\000o\000n}{appendix.B}% 189
\BOOKMARK [0][-]{appendix.C}{\376\377\000I\000m\000p\000l\000e\000m\000e\000n\000t\000a\000t\000i\000o\000n\000\040\000S\000o\000u\000r\000c\000e\000\040\000I\000n\000d\000e\000x}{}% 190
\BOOKMARK [1][-]{section.C.1}{\376\377\000R\000O\000S\000\040\000p\000a\000c\000k\000a\000g\000e\000\040\000s\000o\000u\000r\000c\000e}{appendix.C}% 191
\BOOKMARK [1][-]{section.C.2}{\376\377\000F\000i\000r\000m\000w\000a\000r\000e\000\040\000s\000o\000u\000r\000c\000e}{appendix.C}% 192
\BOOKMARK [1][-]{section.C.3}{\376\377\000O\000p\000e\000r\000a\000t\000o\000r\000\040\000s\000c\000r\000i\000p\000t\000s}{appendix.C}% 193
\BOOKMARK [0][-]{appendix*.38}{\376\377\000R\000e\000f\000e\000r\000e\000n\000c\000e\000s\000\040\000a\000n\000d\000\040\000S\000o\000u\000r\000c\000e\000\040\000B\000a\000s\000i\000s}{}% 194
